(node:26184) ExperimentalWarning: Importing JSON modules is an experimental feature. This feature could change at any time
(Use `node --trace-warnings ...` to show where the warning was created)
Scraping AAE 20000
Scraping AAE 20300
Scraping AAE 20400
Scraping AAE 20401
Scraping AAE 25100
Scraping AAE 29199
Scraping AAE 29299
Scraping AAE 30000
Scraping AAE 30100
Scraping AAE 33300
Scraping AAE 33301
Scraping AAE 33400
Scraping AAE 33401
Scraping AAE 33800
Scraping AAE 33900
Scraping AAE 34000
Scraping AAE 35200
Scraping AAE 35201
Scraping AAE 36400
Scraping AAE 36401
Scraping AAE 38199
Scraping AAE 38299
Scraping AAE 38399
Scraping AAE 39399
Scraping AAE 39499
Scraping AAE 39599
Scraping AAE 39699
Scraping AAE 40000
Scraping AAE 41800
Scraping AAE 42100
Scraping AAE 43800
Scraping AAE 44000
Scraping AAE 45000
Scraping AAE 45100
Scraping AAE 49000
Scraping AAE 49700
Scraping AAE 51200
Scraping AAE 51400
Scraping AAE 51900
Scraping AAE 52000
Scraping AAE 52100
Scraping AAE 52300
Scraping AAE 53500
Scraping AAE 53900
Scraping AAE 55200
Scraping AAE 55500
Scraping AAE 56000
Scraping AAE 56700
Scraping AAE 56800
Scraping AAE 59000
Scraping AAE 59700
Scraping AAE 64200
Scraping AAE 65400
Scraping AAE 69000
Scraping AAE 69800
Scraping AAE 69900
Scraping AAS 27100
Scraping AAS 37100
Scraping AAS 37300
Scraping AAS 37600
Scraping AAS 47300
Scraping AAS 59000
Scraping ABE 20200
Scraping ABE 21000
Scraping ABE 22700
Scraping ABE 28100
Scraping ABE 29199
Scraping ABE 29299
Scraping ABE 30100
Scraping ABE 30400
Scraping ABE 30800
Scraping ABE 31400
Scraping ABE 32000
Scraping ABE 33000
Scraping ABE 38199
Scraping ABE 38299
Scraping ABE 38399
Scraping ABE 39399
Scraping ABE 39499
Scraping ABE 39599
Scraping ABE 39699
Scraping ABE 40600
Scraping ABE 42600
Scraping ABE 44000
Scraping ABE 45700
Scraping ABE 48600
Scraping ABE 49500
Scraping ABE 49800
Scraping ABE 50100
Scraping ABE 51200
Scraping ABE 52700
Scraping ABE 55800
Scraping ABE 58000
Scraping ABE 59000
Scraping ABE 59100
Scraping ABE 65100
Scraping ABE 69600
Scraping ABE 69800
Scraping ABE 69900
Scraping AD 10500
Scraping AD 10600
Scraping AD 11300
Scraping AD 11400
Scraping AD 11700
Scraping AD 11900
Scraping AD 13000
Scraping AD 14600
Scraping AD 19100
Scraping AD 19200
Scraping AD 19300
Scraping AD 19400
Scraping AD 19500
Scraping AD 20000
Scraping AD 20100
Scraping AD 20600
Scraping AD 21300
Scraping AD 22700
Scraping AD 22900
Scraping AD 23400
Scraping AD 23500
Scraping AD 23600
Scraping AD 24200
Scraping AD 25000
Scraping AD 25500
Scraping AD 25600
Scraping AD 26200
Scraping AD 26500
Scraping AD 26600
Scraping AD 26700
Scraping AD 27000
Scraping AD 27500
Scraping AD 28000
Scraping AD 28500
Scraping AD 30000
Scraping AD 30300
Scraping AD 30400
Scraping AD 30600
Scraping AD 31200
Scraping AD 31400
Scraping AD 31600
Scraping AD 31900
Scraping AD 33300
Scraping AD 34000
Scraping AD 34600
Scraping AD 35000
Scraping AD 36300
Scraping AD 36500
Scraping AD 36600
Scraping AD 38400
Scraping AD 38500
Scraping AD 40000
Scraping AD 40600
Scraping AD 41600
Scraping AD 42100
Scraping AD 43200
Scraping AD 44000
Scraping AD 46500
Scraping AD 46800
Scraping AD 47000
Scraping AD 47800
Scraping AD 49000
Scraping AD 49900
Scraping AD 50200
Scraping AD 50400
Scraping AD 52000
Scraping AD 55000
Scraping AD 55800
Scraping AD 56800
Scraping AD 59000
Scraping AD 59100
Scraping AD 60000
Scraping AD 61200
Scraping AD 61300
Scraping AD 61600
Scraping AD 62500
Scraping AD 64000
Scraping AD 65800
Scraping AD 66100
Scraping AD 66500
Scraping AD 66800
Scraping AD 66900
Scraping AD 67800
Scraping AD 69000
Scraping AD 69100
Scraping AD 69300
Scraping AD 69600
Scraping AD 69700
Scraping AD 69800
Scraping AFT 12000
Scraping AFT 12100
Scraping AFT 24000
Scraping AFT 24100
Scraping AFT 36100
Scraping AFT 36200
Scraping AFT 48100
Scraping AFT 48200
Scraping AGEC 20200
Unable to scrape AGEC 20200 TypeError: Cannot read property 'Text' of undefined
    at scrapeCourse (file:///home/marcus_orciuch/projects/BoilerPlan/src/boilerplan-scrapers/2.get-all-course-details.js:73:70)
    at runMicrotasks (<anonymous>)
    at processTicksAndRejections (internal/process/task_queues.js:95:5)
    at async file:///home/marcus_orciuch/projects/BoilerPlan/src/boilerplan-scrapers/2.get-all-course-details.js:107:27
Scraping AGEC 20201
Scraping AGEC 20300
Scraping AGEC 20400
Scraping AGEC 21700
Scraping AGEC 22000
Scraping AGEC 25000
Scraping AGEC 31000
Scraping AGEC 32700
Scraping AGEC 33000
Scraping AGEC 33100
Scraping AGEC 33300
Scraping AGEC 35200
Scraping AGEC 37500
Scraping AGEC 39000
Unable to scrape AGEC 39000 TypeError: Cannot read property 'Text' of undefined
    at scrapeCourse (file:///home/marcus_orciuch/projects/BoilerPlan/src/boilerplan-scrapers/2.get-all-course-details.js:73:70)
    at runMicrotasks (<anonymous>)
    at processTicksAndRejections (internal/process/task_queues.js:95:5)
    at async file:///home/marcus_orciuch/projects/BoilerPlan/src/boilerplan-scrapers/2.get-all-course-details.js:107:27
Scraping AGEC 41000
Scraping AGEC 42100
Scraping AGEC 42400
Scraping AGEC 42900
Scraping AGEC 43000
Scraping AGEC 45000
Scraping AGEC 45100
Scraping AGEC 49800
Scraping AGEC 49900
Scraping AGEC 52400
Scraping AGEC 52800
Scraping AGEC 59600
Scraping AGEC 60200
Scraping AGEC 61900
Scraping AGEC 62200
Scraping AGEC 64300
Scraping AGEC 65000
Scraping AGEC 65100
Scraping AGEC 65200
Scraping AGEC 69200
Scraping AGEC 69800
Scraping AGEC 69900
Scraping AGR 20100
Scraping AGR 29000
Scraping AGR 33300
Scraping AGRY 10500
Scraping AGRY 12500
Scraping AGRY 21000
Scraping AGRY 21100
Scraping AGRY 25500
Scraping AGRY 27000
Scraping AGRY 28500
Scraping AGRY 32000
Scraping AGRY 32100
Scraping AGRY 33500
Scraping AGRY 33700
Scraping AGRY 33800
Scraping AGRY 36500
Scraping AGRY 37500
Scraping AGRY 39000
Unable to scrape AGRY 39000 TypeError: Cannot read property 'Text' of undefined
    at scrapeCourse (file:///home/marcus_orciuch/projects/BoilerPlan/src/boilerplan-scrapers/2.get-all-course-details.js:73:70)
    at runMicrotasks (<anonymous>)
    at processTicksAndRejections (internal/process/task_queues.js:95:5)
    at async file:///home/marcus_orciuch/projects/BoilerPlan/src/boilerplan-scrapers/2.get-all-course-details.js:107:27
Scraping AGRY 39900
Scraping AGRY 43200
Scraping AGRY 44200
Scraping AGRY 44400
Scraping AGRY 50500
Scraping AGRY 51800
Scraping AGRY 52500
Scraping AGRY 53500
Scraping AGRY 53600
Scraping AGRY 54400
Scraping AGRY 58500
Scraping AGRY 59800
Scraping AGRY 60100
Scraping AGRY 69600
Scraping AGRY 69800
Scraping AGRY 69900
Scraping AMST 10100
Scraping AMST 20100
Scraping AMST 30100
Scraping AMST 59000
Scraping AMST 60300
Scraping AMST 65000
Scraping AMST 69900
Scraping ANSC 10200
Scraping ANSC 10600
Scraping ANSC 12100
Scraping ANSC 18100
Scraping ANSC 22100
Scraping ANSC 23000
Scraping ANSC 24000
Scraping ANSC 24500
Scraping ANSC 25500
Scraping ANSC 28100
Scraping ANSC 29200
Scraping ANSC 29300
Scraping ANSC 29500
Scraping ANSC 30300
Scraping ANSC 31100
Scraping ANSC 32400
Scraping ANSC 33200
Scraping ANSC 33300
Scraping ANSC 35100
Scraping ANSC 35101
Scraping ANSC 37000
Scraping ANSC 38100
Scraping ANSC 39000
Scraping ANSC 44200
Scraping ANSC 44300
Scraping ANSC 44500
Scraping ANSC 49100
Scraping ANSC 49300
Scraping ANSC 49900
Scraping ANSC 51300
Scraping ANSC 52400
Scraping ANSC 53700
Scraping ANSC 55500
Scraping ANSC 59500
Scraping ANSC 62600
Scraping ANSC 62700
Scraping ANSC 68100
Scraping ANSC 69100
Scraping ANSC 69800
Scraping ANSC 69900
Scraping ANTH 10000
Scraping ANTH 20100
Scraping ANTH 20300
Scraping ANTH 20400
Scraping ANTH 20500
Scraping ANTH 21000
Scraping ANTH 21200
Scraping ANTH 23000
Scraping ANTH 25600
Scraping ANTH 30600
Scraping ANTH 31200
Scraping ANTH 33500
Scraping ANTH 34000
Scraping ANTH 37900
Scraping ANTH 38400
Scraping ANTH 39000
Scraping ANTH 39300
Scraping ANTH 49700
Scraping ANTH 49800
Scraping ANTH 50400
Scraping ANTH 50500
Scraping ANTH 56300
Scraping ANTH 56500
Scraping ANTH 59000
Scraping ANTH 60900
Scraping ANTH 64100
Scraping ANTH 64200
Scraping ANTH 69600
Scraping ANTH 69800
Scraping ANTH 69900
Scraping ARAB 10200
Scraping ARAB 20200
Scraping ARAB 28100
Scraping ASAM 24000
Scraping ASAM 34000
Scraping ASEC 21200
Scraping ASEC 24000
Scraping ASEC 28000
Scraping ASEC 28500
Scraping ASEC 29000
Scraping ASEC 31800
Scraping ASEC 31900
Scraping ASEC 34100
Scraping ASEC 38000
Scraping ASEC 43100
Scraping ASEC 43120
Scraping ASEC 44100
Scraping ASEC 49000
Scraping ASEC 49100
Scraping ASEC 49700
Scraping ASEC 54500
Scraping ASEC 55100
Scraping ASEC 58500
Scraping ASEC 59000
Scraping ASEC 59100
Scraping ASEC 69800
Scraping ASEC 69900
Scraping ASL 10100
Scraping ASL 10200
Scraping ASL 20100
Scraping ASL 20200
Scraping ASL 28000
Scraping ASL 30200
Scraping ASL 36200
Scraping ASL 39000
Scraping ASM 10400
Scraping ASM 10500
Scraping ASM 21600
Scraping ASM 24500
Scraping ASM 29100
Scraping ASM 33300
Scraping ASM 34500
Scraping ASM 35000
Scraping ASM 42000
Scraping ASM 49000
Scraping ASM 49500
Scraping ASM 49800
Scraping ASM 53000
Scraping ASM 59000
Scraping ASM 59100
Scraping ASM 69800
Scraping ASM 69900
Scraping ASTR 26400
Scraping ASTR 36400
Scraping ASTR 56000
Scraping ASTR 56200
Scraping ASTR 56300
Scraping AT 10000
Scraping AT 10200
Scraping AT 10300
Scraping AT 10600
Scraping AT 10901
Scraping AT 11600
Scraping AT 11901
Scraping AT 12700
Scraping AT 14400
Scraping AT 14500
Scraping AT 20200
Scraping AT 20300
Scraping AT 20501
Scraping AT 20700
Scraping AT 20802
Scraping AT 21000
Scraping AT 21100
Scraping AT 21900
Scraping AT 22300
Scraping AT 24302
Scraping AT 24802
Scraping AT 24900
Scraping AT 25302
Scraping AT 25400
Scraping AT 26200
Scraping AT 26502
Scraping AT 26700
Scraping AT 27200
Scraping AT 27800
Scraping AT 29000
Scraping AT 30702
Scraping AT 30802
Scraping AT 31900
Scraping AT 32501
Scraping AT 32700
Scraping AT 33502
Scraping AT 33800
Scraping AT 35200
Scraping AT 35300
Scraping AT 35400
Scraping AT 35900
Scraping AT 36302
Scraping AT 36500
Scraping AT 37002
Scraping AT 37200
Scraping AT 37600
Scraping AT 38100
Scraping AT 38500
Scraping AT 38800
Scraping AT 39500
Scraping AT 40300
Scraping AT 41600
Scraping AT 41901
Scraping AT 42101
Scraping AT 43300
Scraping AT 43500
Scraping AT 44502
Scraping AT 45900
Scraping AT 47200
Scraping AT 47500
Scraping AT 47600
Scraping AT 47700
Scraping AT 48000
Scraping AT 48700
Scraping AT 49000
Scraping AT 49200
Scraping AT 49401
Scraping AT 49501
Scraping AT 49600
Scraping AT 49700
Scraping AT 49800
Scraping AT 50500
Scraping AT 50700
Scraping AT 52500
Scraping AT 52800
Scraping AT 53000
Scraping AT 53300
Scraping AT 54700
Scraping AT 54900
Scraping AT 57300
Scraping AT 59000
Scraping AT 64000
Scraping AT 69000
Scraping AT 69800
Scraping AT 69900
Scraping BAND 11000
Scraping BAND 11100
Scraping BAND 11200
Scraping BAND 11300
Scraping BAND 11400
Scraping BAND 11500
Scraping BAND 11600
Scraping BAND 11700
Scraping BAND 11800
Scraping BAND 11900
Scraping BAND 12000
Scraping BAND 35000
Scraping BCHM 10000
Scraping BCHM 22100
Scraping BCHM 29000
Scraping BCHM 29800
Scraping BCHM 29801
Scraping BCHM 30700
Scraping BCHM 30900
Scraping BCHM 32200
Scraping BCHM 36100
Scraping BCHM 42100
Scraping BCHM 43400
Scraping BCHM 46500
Scraping BCHM 49000
Scraping BCHM 49800
Scraping BCHM 49900
Scraping BCHM 52100
Scraping BCHM 53600
Scraping BCHM 56200
Scraping BCHM 60200
Scraping BCHM 60400
Scraping BCHM 61000
Scraping BCHM 62000
Scraping BCHM 69800
Scraping BCHM 69900
Scraping BIOL 11000
Scraping BIOL 11100
Scraping BIOL 11200
Scraping BIOL 11300
Scraping BIOL 13100
Scraping BIOL 13500
Scraping BIOL 19500
Scraping BIOL 20400
Scraping BIOL 20600
Scraping BIOL 22100
Scraping BIOL 24100
Scraping BIOL 24200
Scraping BIOL 28600
Scraping BIOL 29300
Scraping BIOL 29400
Scraping BIOL 29500
Scraping BIOL 31200
Scraping BIOL 32800
Scraping BIOL 36700
Scraping BIOL 39300
Scraping BIOL 39600
Scraping BIOL 39699
Scraping BIOL 41500
Scraping BIOL 41600
Scraping BIOL 44212
Scraping BIOL 48100
Scraping BIOL 48300
Scraping BIOL 49400
Scraping BIOL 49500
Scraping BIOL 49700
Scraping BIOL 49800
Scraping BIOL 49900
Scraping BIOL 51600
Scraping BIOL 53601
Scraping BIOL 53800
Scraping BIOL 54900
Scraping BIOL 55001
Scraping BIOL 56200
Scraping BIOL 58000
Scraping BIOL 59500
Scraping BIOL 62000
Scraping BIOL 66300
Scraping BIOL 69100
Scraping BIOL 69500
Scraping BIOL 69600
Scraping BIOL 69800
Scraping BIOL 69900
Scraping BME 20400
Scraping BME 20600
Scraping BME 20700
Scraping BME 25600
Scraping BME 29500
Scraping BME 29600
Scraping BME 30600
Scraping BME 38199
Scraping BME 38299
Scraping BME 38399
Scraping BME 39000
Scraping BME 39699
Scraping BME 41000
Scraping BME 43000
Unable to scrape BME 43000 TypeError: Cannot read property 'Text' of undefined
    at scrapeCourse (file:///home/marcus_orciuch/projects/BoilerPlan/src/boilerplan-scrapers/2.get-all-course-details.js:73:70)
    at runMicrotasks (<anonymous>)
    at processTicksAndRejections (internal/process/task_queues.js:95:5)
    at async file:///home/marcus_orciuch/projects/BoilerPlan/src/boilerplan-scrapers/2.get-all-course-details.js:107:27
Scraping BME 49500
Scraping BME 49800
Scraping BME 55500
Scraping BME 56200
Scraping BME 56400
Scraping BME 58100
Scraping BME 59500
Scraping BME 64600
Scraping BME 68300
Scraping BME 69000
Scraping BME 69500
Scraping BME 69600
Scraping BME 69699
Scraping BME 69800
Scraping BME 69900
Scraping BMS 11500
Scraping BMS 11600
Scraping BMS 13500
Scraping BMS 13600
Scraping BMS 20100
Scraping BMS 20200
Scraping BMS 23300
Scraping BMS 23500
Scraping BMS 23600
Scraping BMS 23700
Scraping BMS 23800
Scraping BMS 51700
Scraping BMS 52400
Scraping BMS 59800
Scraping BMS 60200
Scraping BMS 63100
Scraping BMS 69200
Scraping BMS 69800
Scraping BMS 69900
Scraping BMS 80200
Scraping BMS 80500
Scraping BMS 80800
Scraping BMS 81200
Scraping BMS 81500
Scraping BMS 81600
Scraping BMS 81900
Scraping BTNY 11000
Scraping BTNY 12100
Scraping BTNY 20700
Scraping BTNY 30200
Scraping BTNY 35000
Scraping BTNY 39000
Scraping BTNY 42000
Scraping BTNY 49800
Scraping BTNY 49900
Scraping BTNY 53500
Scraping BTNY 55200
Scraping BTNY 56100
Scraping BTNY 59000
Scraping BTNY 66000
Scraping BTNY 69800
Scraping BTNY 69900
Scraping CAND 99100
Scraping CAND 99200
Scraping CAND 99300
Scraping CAND 99400
Scraping CE 20300
Scraping CE 21101
Scraping CE 22200
Scraping CE 27000
Scraping CE 29199
Scraping CE 29202
Scraping CE 29299
Scraping CE 29700
Scraping CE 29800
Scraping CE 29900
Scraping CE 31100
Scraping CE 33500
Scraping CE 34000
Scraping CE 34300
Scraping CE 35000
Scraping CE 35500
Scraping CE 36100
Scraping CE 37100
Scraping CE 38199
Scraping CE 38299
Scraping CE 38300
Scraping CE 38399
Scraping CE 39201
Scraping CE 39399
Scraping CE 39499
Scraping CE 39599
Scraping CE 39699
Scraping CE 39800
Scraping CE 41400
Scraping CE 44200
Scraping CE 45700
Scraping CE 47000
Scraping CE 47300
Scraping CE 47400
Scraping CE 48300
Scraping CE 49700
Scraping CE 49800
Scraping CE 49900
Scraping CE 51200
Scraping CE 51300
Scraping CE 52100
Scraping CE 52300
Scraping CE 53000
Scraping CE 54400
Scraping CE 54900
Scraping CE 56300
Scraping CE 56700
Scraping CE 57100
Scraping CE 57200
Scraping CE 57300
Scraping CE 59500
Scraping CE 59601
Scraping CE 59700
Scraping CE 59800
Scraping CE 61400
Scraping CE 63100
Scraping CE 67600
Scraping CE 69100
Scraping CE 69700
Scraping CE 69800
Scraping CE 69900
Scraping CEM 18000
Scraping CEM 19100
Scraping CEM 20100
Scraping CEM 28000
Scraping CEM 29100
Scraping CEM 39100
Scraping CEM 39700
Scraping CEM 42502
Scraping CEM 45600
Scraping CEM 45700
Scraping CEM 48500
Scraping CEM 53300
Scraping CEM 59700
Scraping CGT 10301
Scraping CGT 10501
Scraping CGT 11200
Scraping CGT 11301
Scraping CGT 11600
Scraping CGT 11800
Scraping CGT 14100
Scraping CGT 14700
Scraping CGT 16300
Scraping CGT 16400
Scraping CGT 17207
Scraping CGT 17208
Scraping CGT 20301
Scraping CGT 20500
Scraping CGT 21500
Scraping CGT 24100
Scraping CGT 24600
Scraping CGT 25001
Scraping CGT 25500
Scraping CGT 26000
Scraping CGT 27000
Scraping CGT 27207
Scraping CGT 27208
Scraping CGT 27500
Scraping CGT 30301
Scraping CGT 33300
Scraping CGT 33500
Scraping CGT 34000
Scraping CGT 34100
Scraping CGT 34600
Scraping CGT 34800
Scraping CGT 35600
Scraping CGT 36000
Scraping CGT 36500
Scraping CGT 37000
Scraping CGT 37207
Scraping CGT 37208
Scraping CGT 37500
Scraping CGT 39000
Scraping CGT 40500
Scraping CGT 41201
Scraping CGT 44200
Scraping CGT 44500
Scraping CGT 45001
Scraping CGT 45600
Scraping CGT 46000
Scraping CGT 49000
Scraping CGT 49800
Scraping CGT 50100
Scraping CGT 51100
Scraping CGT 51600
Scraping CGT 52100
Scraping CGT 53200
Scraping CGT 53400
Scraping CGT 54000
Scraping CGT 55500
Scraping CGT 57200
Scraping CGT 57500
Scraping CGT 58100
Scraping CGT 59000
Scraping CGT 59700
Scraping CGT 61000
Scraping CGT 63400
Scraping CGT 69800
Scraping CHE 20000
Scraping CHE 20100
Scraping CHE 20500
Scraping CHE 21100
Scraping CHE 29199
Scraping CHE 29299
Scraping CHE 30000
Scraping CHE 30100
Scraping CHE 30600
Scraping CHE 32000
Scraping CHE 34800
Scraping CHE 37700
Scraping CHE 37800
Scraping CHE 38199
Scraping CHE 38299
Scraping CHE 38399
Scraping CHE 39399
Scraping CHE 39499
Scraping CHE 39599
Scraping CHE 39699
Scraping CHE 41100
Scraping CHE 41200
Scraping CHE 43500
Scraping CHE 44200
Scraping CHE 45000
Scraping CHE 49700
Scraping CHE 49800
Scraping CHE 49900
Scraping CHE 54000
Scraping CHE 59700
Scraping CHE 66000
Scraping CHE 66800
Scraping CHE 68500
Scraping CHE 69000
Scraping CHE 69700
Scraping CHE 69800
Scraping CHE 69900
Scraping CHM 11100
Scraping CHM 11200
Scraping CHM 11500
Scraping CHM 11600
Scraping CHM 12600
Scraping CHM 18300
Scraping CHM 18400
Scraping CHM 24100
Scraping CHM 25500
Scraping CHM 25501
Scraping CHM 25600
Scraping CHM 25601
Scraping CHM 25700
Scraping CHM 25701
Scraping CHM 26200
Scraping CHM 26400
Scraping CHM 26600
Scraping CHM 26605
Scraping CHM 26800
Scraping CHM 28400
Scraping CHM 29000
Scraping CHM 33900
Scraping CHM 33901
Scraping CHM 34200
Scraping CHM 34201
Scraping CHM 37000
Scraping CHM 37200
Scraping CHM 37400
Scraping CHM 37401
Scraping CHM 38600
Scraping CHM 42400
Scraping CHM 43800
Scraping CHM 46200
Scraping CHM 48700
Scraping CHM 49000
Scraping CHM 49400
Scraping CHM 49900
Scraping CHM 51300
Scraping CHM 57900
Scraping CHM 59900
Scraping CHM 62100
Scraping CHM 62400
Scraping CHM 63500
Scraping CHM 63800
Scraping CHM 64200
Scraping CHM 64700
Scraping CHM 65200
Scraping CHM 66800
Scraping CHM 67200
Scraping CHM 67300
Scraping CHM 69500
Scraping CHM 69600
Scraping CHM 69800
Scraping CHM 69900
Scraping CHNS 10100
Scraping CHNS 10200
Scraping CHNS 20200
Scraping CHNS 28000
Scraping CHNS 28100
Scraping CHNS 28500
Scraping CHNS 30200
Scraping CHNS 33000
Scraping CHNS 34100
Scraping CHNS 40200
Scraping CHNS 49000
Scraping CHNS 59400
Scraping CLCS 23010
Scraping CLCS 23300
Scraping CLCS 23700
Scraping CLCS 38100
Scraping CLCS 38700
Scraping CLPH 43500
Scraping CLPH 45100
Scraping CLPH 45300
Scraping CLPH 45400
Scraping CLPH 45700
Scraping CLPH 49000
Scraping CLPH 69000
Scraping CLPH 69600
Scraping CM 10000
Scraping CM 11000
Scraping CM 15000
Scraping CM 20000
Scraping CM 21000
Scraping CM 25000
Scraping CM 30000
Scraping CM 33000
Scraping CM 35000
Scraping CM 36200
Scraping CM 39000
Scraping CM 40000
Scraping CM 41000
Scraping CM 45000
Scraping CM 49000
Scraping CM 49900
Scraping CM 51000
Scraping CM 55000
Scraping CM 58100
Scraping CM 59000
Scraping CM 69800
Scraping CMPL 23000
Scraping CMPL 26700
Scraping CMPL 59000
Scraping CMPL 65000
Scraping CMPL 69900
Scraping CNIT 10500
Scraping CNIT 13600
Scraping CNIT 15501
Scraping CNIT 17500
Scraping CNIT 17600
Scraping CNIT 18000
Scraping CNIT 24000
Scraping CNIT 24200
Scraping CNIT 25501
Scraping CNIT 27000
Scraping CNIT 27200
Scraping CNIT 28000
Scraping CNIT 28101
Scraping CNIT 30800
Scraping CNIT 31500
Scraping CNIT 32000
Scraping CNIT 32500
Scraping CNIT 34210
Scraping CNIT 34220
Scraping CNIT 34400
Scraping CNIT 34500
Scraping CNIT 34600
Scraping CNIT 37000
Scraping CNIT 37200
Scraping CNIT 38000
Scraping CNIT 38101
Scraping CNIT 39000
Scraping CNIT 39200
Scraping CNIT 39900
Scraping CNIT 42000
Scraping CNIT 42200
Scraping CNIT 42500
Scraping CNIT 44500
Scraping CNIT 45600
Scraping CNIT 45800
Scraping CNIT 47100
Scraping CNIT 48000
Scraping CNIT 48101
Scraping CNIT 48200
Scraping CNIT 48300
Scraping CNIT 48400
Scraping CNIT 51200
Scraping CNIT 51900
Scraping CNIT 52300
Scraping CNIT 52500
Scraping CNIT 53000
Scraping CNIT 53100
Scraping CNIT 53200
Scraping CNIT 53500
Scraping CNIT 55100
Scraping CNIT 55200
Scraping CNIT 55300
Scraping CNIT 55500
Scraping CNIT 55600
Scraping CNIT 55800
Scraping CNIT 57000
Scraping CNIT 58000
Scraping CNIT 58100
Scraping CNIT 58200
Scraping CNIT 58600
Scraping CNIT 59000
Scraping CNIT 59800
Scraping CNIT 60100
Scraping CNIT 62300
Scraping CNIT 69100
Scraping CNIT 69800
Scraping COM 10200
Scraping COM 11400
Scraping COM 20400
Scraping COM 21000
Scraping COM 21200
Scraping COM 21700
Scraping COM 22400
Scraping COM 25000
Scraping COM 25100
Scraping COM 25200
Scraping COM 25300
Scraping COM 25600
Scraping COM 25700
Scraping COM 26100
Scraping COM 30300
Scraping COM 30400
Scraping COM 31400
Scraping COM 31500
Scraping COM 31800
Scraping COM 32000
Scraping COM 32400
Scraping COM 32500
Scraping COM 32800
Scraping COM 33000
Scraping COM 33200
Scraping COM 33701
Scraping COM 35200
Scraping COM 35300
Scraping COM 35600
Scraping COM 37200
Scraping COM 37400
Scraping COM 37600
Scraping COM 37800
Scraping COM 40700
Scraping COM 40800
Scraping COM 40900
Scraping COM 41100
Scraping COM 41500
Scraping COM 41600
Scraping COM 41900
Scraping COM 43500
Scraping COM 45600
Scraping COM 47800
Scraping COM 48900
Scraping COM 49000
Scraping COM 49100
Scraping COM 49101
Scraping COM 49500
Scraping COM 49501
Scraping COM 49505
Scraping COM 49600
Scraping COM 49700
Scraping COM 50800
Scraping COM 56500
Scraping COM 59000
Scraping COM 60100
Scraping COM 61000
Scraping COM 61200
Scraping COM 63200
Scraping COM 67600
Scraping COM 68200
Scraping COM 69500
Scraping COM 69800
Scraping COM 69900
Scraping CPB 15001
Scraping CPB 22501
Scraping CPB 22700
Scraping CPB 24000
Scraping CPB 25100
Scraping CPB 25500
Scraping CPB 35100
Scraping CPB 35200
Scraping CPB 58000
Scraping CPB 59000
Scraping CPB 60000
Scraping CPB 60100
Scraping CPB 60200
Scraping CPB 60300
Scraping CPB 60500
Scraping CPB 61100
Scraping CPB 62400
Scraping CPB 62500
Scraping CPB 63000
Scraping CPB 63500
Scraping CPB 63600
Scraping CPB 68000
Scraping CPB 69100
Scraping CPB 69500
Scraping CPB 69700
Scraping CPB 69800
Scraping CPB 69900
Scraping CPB 81900
Scraping CPB 84000
Scraping CPB 84100
Scraping CPB 85300
Scraping CPB 85401
Scraping CPB 85700
Scraping CPB 86000
Scraping CPB 86100
Scraping CPB 86900
Scraping CPB 87000
Scraping CPB 88300
Scraping CS 10100
Scraping CS 15900
Scraping CS 17700
Scraping CS 18000
Scraping CS 18200
Scraping CS 18300
Scraping CS 18400
Scraping CS 19300
Scraping CS 19700
Scraping CS 23500
Scraping CS 24000
Scraping CS 24200
Scraping CS 25000
Scraping CS 25100
Scraping CS 25200
Scraping CS 28400
Scraping CS 28401
Scraping CS 29000
Scraping CS 29100
Scraping CS 30700
Scraping CS 33400
Scraping CS 34800
Scraping CS 35200
Scraping CS 35300
Scraping CS 35400
Scraping CS 35500
Scraping CS 37300
Scraping CS 38003
Scraping CS 38100
Scraping CS 38600
Scraping CS 39000
Scraping CS 40700
Scraping CS 40800
Scraping CS 42200
Scraping CS 42600
Scraping CS 43400
Scraping CS 44800
Scraping CS 47100
Scraping CS 48300
Scraping CS 48700
Scraping CS 49000
Scraping CS 49700
Scraping CS 50023
Scraping CS 50024
Scraping CS 50025
Scraping CS 50200
Scraping CS 50300
Scraping CS 50500
Scraping CS 51000
Scraping CS 51400
Scraping CS 52000
Scraping CS 52300
Scraping CS 52500
Scraping CS 52700
Scraping CS 52800
Scraping CS 53000
Scraping CS 54200
Scraping CS 56500
Scraping CS 57300
Scraping CS 57700
Scraping CS 57800
Scraping CS 58000
Scraping CS 58800
Scraping CS 59000
Scraping CS 59100
Scraping CS 59200
Scraping CS 59300
Scraping CS 59799
Scraping CS 61500
Scraping CS 63800
Scraping CS 66200
Scraping CS 69000
Scraping CS 69800
Scraping CS 69900
Scraping CSR 10300
Scraping CSR 20000
Scraping CSR 20900
Scraping CSR 22000
Scraping CSR 28200
Scraping CSR 30000
Scraping CSR 30700
Scraping CSR 30900
Scraping CSR 31500
Scraping CSR 32800
Scraping CSR 33100
Scraping CSR 33200
Scraping CSR 34200
Scraping CSR 34400
Scraping CSR 38600
Scraping CSR 39000
Scraping CSR 39500
Scraping CSR 40400
Scraping CSR 41500
Scraping CSR 41600
Scraping CSR 41800
Scraping CSR 42100
Scraping CSR 48000
Scraping CSR 48100
Scraping CSR 48500
Scraping CSR 59000
Scraping CSR 63100
Scraping CSR 69000
Scraping CSR 69800
Scraping CSR 69900
Scraping DANC 10100
Scraping DANC 10200
Scraping DANC 10300
Scraping DANC 14400
Unable to scrape DANC 14400 TypeError: Cannot read property 'Text' of undefined
    at scrapeCourse (file:///home/marcus_orciuch/projects/BoilerPlan/src/boilerplan-scrapers/2.get-all-course-details.js:73:70)
    at runMicrotasks (<anonymous>)
    at processTicksAndRejections (internal/process/task_queues.js:95:5)
    at async file:///home/marcus_orciuch/projects/BoilerPlan/src/boilerplan-scrapers/2.get-all-course-details.js:107:27
Scraping DANC 20100
Scraping DANC 20200
Scraping DANC 20300
Scraping DANC 24500
Scraping DANC 30000
Scraping DANC 30100
Scraping DANC 34600
Scraping DANC 35000
Scraping DANC 36800
Scraping DANC 49000
Scraping EAPS 10000
Scraping EAPS 10400
Scraping EAPS 10500
Scraping EAPS 10600
Scraping EAPS 10900
Scraping EAPS 11100
Scraping EAPS 11200
Scraping EAPS 11600
Scraping EAPS 12000
Scraping EAPS 12500
Scraping EAPS 13800
Scraping EAPS 19100
Scraping EAPS 22100
Scraping EAPS 24400
Scraping EAPS 30900
Scraping EAPS 31201
Scraping EAPS 31900
Scraping EAPS 32000
Scraping EAPS 32500
Scraping EAPS 32700
Scraping EAPS 35200
Scraping EAPS 35400
Scraping EAPS 36000
Scraping EAPS 37500
Scraping EAPS 39000
Scraping EAPS 39100
Scraping EAPS 39500
Scraping EAPS 42200
Scraping EAPS 43200
Scraping EAPS 43400
Scraping EAPS 49700
Scraping EAPS 51500
Scraping EAPS 52300
Scraping EAPS 52500
Scraping EAPS 53200
Scraping EAPS 53300
Scraping EAPS 57300
Scraping EAPS 57700
Scraping EAPS 59000
Scraping EAPS 59100
Scraping EAPS 65300
Scraping EAPS 69100
Scraping EAPS 69800
Scraping EAPS 69900
Scraping ECE 20001
Scraping ECE 20002
Scraping ECE 20007
Scraping ECE 20008
Scraping ECE 20700
Scraping ECE 20875
Scraping ECE 25500
Scraping ECE 26400
Scraping ECE 27000
Scraping ECE 29199
Scraping ECE 29299
Scraping ECE 29401
Scraping ECE 29595
Scraping ECE 29600
Scraping ECE 30100
Scraping ECE 30200
Scraping ECE 30411
Scraping ECE 30412
Scraping ECE 30416
Scraping ECE 30417
Scraping ECE 30500
Scraping ECE 30600
Scraping ECE 30700
Scraping ECE 30800
Scraping ECE 30834
Scraping ECE 32100
Scraping ECE 32300
Scraping ECE 33700
Scraping ECE 36200
Scraping ECE 36800
Scraping ECE 36900
Scraping ECE 38199
Scraping ECE 38200
Scraping ECE 38299
Scraping ECE 38399
Scraping ECE 39399
Scraping ECE 39401
Scraping ECE 39499
Scraping ECE 39595
Scraping ECE 39599
Scraping ECE 39600
Scraping ECE 39699
Scraping ECE 40400
Scraping ECE 42300
Scraping ECE 43300
Scraping ECE 43700
Scraping ECE 43800
Scraping ECE 44000
Scraping ECE 45600
Scraping ECE 46900
Scraping ECE 47000
Scraping ECE 47001
Scraping ECE 47300
Scraping ECE 47700
Scraping ECE 48300
Scraping ECE 49022
Scraping ECE 49401
Scraping ECE 49595
Scraping ECE 49600
Scraping ECE 51012
Scraping ECE 51018
Scraping ECE 52600
Scraping ECE 53200
Scraping ECE 55200
Scraping ECE 56800
Scraping ECE 57700
Scraping ECE 58000
Scraping ECE 59500
Scraping ECE 60000
Scraping ECE 60022
Scraping ECE 60200
Scraping ECE 60400
Scraping ECE 60600
Scraping ECE 60614
Scraping ECE 60800
Scraping ECE 60872
Scraping ECE 62500
Scraping ECE 63700
Scraping ECE 64500
Scraping ECE 65800
Scraping ECE 66200
Scraping ECE 66600
Scraping ECE 67300
Scraping ECE 67500
Scraping ECE 67900
Scraping ECE 69200
Scraping ECE 69300
Scraping ECE 69400
Scraping ECE 69500
Scraping ECE 69600
Scraping ECE 69700
Scraping ECE 69800
Scraping ECE 69900
Scraping ECET 17700
Scraping ECET 17900
Scraping ECET 22400
Scraping ECET 22700
Scraping ECET 22900
Scraping ECET 27000
Scraping ECET 27400
Scraping ECET 27700
Scraping ECET 27900
Scraping ECET 29801
Scraping ECET 30201
Scraping ECET 31800
Scraping ECET 32900
Scraping ECET 33700
Scraping ECET 35901
Scraping ECET 38001
Scraping ECET 42800
Scraping ECET 43600
Scraping ECET 43900
Scraping ECET 44400
Scraping ECET 49900
Scraping ECET 58100
Scraping ECET 59000
Scraping ECET 59800
Scraping ECET 69800
Scraping ECON 21000
Scraping ECON 21900
Scraping ECON 25100
Scraping ECON 25200
Scraping ECON 29000
Scraping ECON 30100
Scraping ECON 32200
Scraping ECON 32500
Scraping ECON 34000
Scraping ECON 35200
Scraping ECON 36000
Scraping ECON 36100
Scraping ECON 37000
Scraping ECON 38000
Scraping ECON 45100
Scraping ECON 46100
Scraping ECON 46600
Scraping ECON 47100
Scraping ECON 48500
Scraping ECON 49000
Scraping ECON 49900
Scraping ECON 51200
Scraping ECON 57300
Scraping ECON 60900
Scraping ECON 61100
Scraping ECON 61200
Scraping ECON 66800
Scraping ECON 67200
Scraping ECON 67300
Scraping ECON 67400
Scraping ECON 68600
Scraping ECON 69000
Scraping ECON 69900
Scraping EDCI 20002
Scraping EDCI 20500
Scraping EDCI 21100
Scraping EDCI 21510
Scraping EDCI 21610
Scraping EDCI 22200
Scraping EDCI 22550
Scraping EDCI 25000
Scraping EDCI 27000
Scraping EDCI 28500
Scraping EDCI 30900
Scraping EDCI 31100
Scraping EDCI 32500
Scraping EDCI 32600
Scraping EDCI 35000
Scraping EDCI 36000
Scraping EDCI 36100
Scraping EDCI 36300
Scraping EDCI 36400
Scraping EDCI 36500
Scraping EDCI 37001
Scraping EDCI 42300
Scraping EDCI 42500
Scraping EDCI 42600
Scraping EDCI 42800
Scraping EDCI 43300
Scraping EDCI 43400
Scraping EDCI 49000
Scraping EDCI 49200
Scraping EDCI 49600
Scraping EDCI 49800
Scraping EDCI 51800
Scraping EDCI 51900
Scraping EDCI 52004
Scraping EDCI 53100
Scraping EDCI 53900
Scraping EDCI 54100
Scraping EDCI 54501
Scraping EDCI 55900
Scraping EDCI 56900
Scraping EDCI 57300
Scraping EDCI 58000
Scraping EDCI 58500
Scraping EDCI 59000
Scraping EDCI 59100
Scraping EDCI 59700
Scraping EDCI 61600
Scraping EDCI 62000
Scraping EDCI 63800
Scraping EDCI 65300
Scraping EDCI 67000
Scraping EDCI 67300
Scraping EDCI 68400
Scraping EDCI 69500
Scraping EDCI 69800
Scraping EDCI 69900
Scraping EDPS 10500
Scraping EDPS 17700
Scraping EDPS 21100
Scraping EDPS 21200
Scraping EDPS 23500
Scraping EDPS 24000
Scraping EDPS 26500
Scraping EDPS 30000
Scraping EDPS 30100
Scraping EDPS 31001
Scraping EDPS 31500
Scraping EDPS 31600
Scraping EDPS 31700
Scraping EDPS 32700
Scraping EDPS 36100
Scraping EDPS 36201
Scraping EDPS 41001
Scraping EDPS 43000
Scraping EDPS 43010
Scraping EDPS 45901
Scraping EDPS 46000
Scraping EDPS 46100
Scraping EDPS 49000
Scraping EDPS 49100
Scraping EDPS 49800
Scraping EDPS 50000
Scraping EDPS 53300
Scraping EDPS 53400
Scraping EDPS 53600
Scraping EDPS 54000
Scraping EDPS 54200
Scraping EDPS 54500
Scraping EDPS 54700
Scraping EDPS 54800
Scraping EDPS 54900
Scraping EDPS 55100
Scraping EDPS 55300
Scraping EDPS 55700
Scraping EDPS 59000
Scraping EDPS 59100
Scraping EDPS 61400
Scraping EDPS 61900
Scraping EDPS 62100
Scraping EDPS 62300
Scraping EDPS 62400
Scraping EDPS 62500
Scraping EDPS 62800
Scraping EDPS 63000
Scraping EDPS 63100
Scraping EDPS 63200
Scraping EDPS 63300
Scraping EDPS 63500
Scraping EDPS 63600
Scraping EDPS 66100
Scraping EDPS 69500
Scraping EDPS 69600
Scraping EDPS 69800
Scraping EDPS 69900
Scraping EDST 20010
Scraping EDST 59100
Scraping EDST 69500
Scraping EDST 69900
Scraping EEE 29199
Scraping EEE 29299
Scraping EEE 30000
Scraping EEE 35000
Scraping EEE 35500
Scraping EEE 36000
Scraping EEE 38000
Scraping EEE 38199
Scraping EEE 38299
Scraping EEE 38399
Scraping EEE 39000
Scraping EEE 39399
Scraping EEE 39499
Scraping EEE 39500
Scraping EEE 39599
Scraping EEE 39699
Scraping EEE 43000
Scraping EEE 48000
Scraping EEE 49500
Scraping EEE 49800
Scraping EEE 54400
Scraping EEE 56000
Scraping EEE 59500
Scraping EEE 59800
Scraping EEE 69000
Scraping EEE 69800
Scraping EEE 69900
Scraping ENE 49800
Scraping ENE 50400
Scraping ENE 50500
Scraping ENE 50600
Scraping ENE 59000
Scraping ENE 63000
Scraping ENE 68500
Scraping ENE 68700
Scraping ENE 69000
Scraping ENE 69500
Scraping ENE 69900
Scraping ENGL 10600
Scraping ENGL 10800
Scraping ENGL 11000
Scraping ENGL 11100
Scraping ENGL 20200
Scraping ENGL 20300
Scraping ENGL 20400
Scraping ENGL 20500
Scraping ENGL 21500
Scraping ENGL 21800
Scraping ENGL 22300
Scraping ENGL 22700
Scraping ENGL 22800
Scraping ENGL 23200
Scraping ENGL 23400
Scraping ENGL 23700
Scraping ENGL 23800
Scraping ENGL 24100
Scraping ENGL 25000
Scraping ENGL 26200
Scraping ENGL 26700
Scraping ENGL 27600
Scraping ENGL 27900
Scraping ENGL 28600
Scraping ENGL 30100
Scraping ENGL 30400
Scraping ENGL 30600
Scraping ENGL 30900
Scraping ENGL 32900
Scraping ENGL 33000
Scraping ENGL 35000
Scraping ENGL 35200
Scraping ENGL 36500
Scraping ENGL 37300
Scraping ENGL 37900
Scraping ENGL 38700
Scraping ENGL 38900
Scraping ENGL 39000
Scraping ENGL 39200
Scraping ENGL 39300
Scraping ENGL 39600
Scraping ENGL 40600
Scraping ENGL 40700
Scraping ENGL 40900
Scraping ENGL 41200
Scraping ENGL 41900
Scraping ENGL 42000
Scraping ENGL 42100
Scraping ENGL 42201
Scraping ENGL 43300
Scraping ENGL 43900
Scraping ENGL 48800
Scraping ENGL 49000
Scraping ENGL 49200
Scraping ENGL 49400
Scraping ENGL 50200
Scraping ENGL 50500
Scraping ENGL 50700
Scraping ENGL 50900
Scraping ENGL 51800
Scraping ENGL 53200
Scraping ENGL 54300
Scraping ENGL 56300
Scraping ENGL 56500
Scraping ENGL 58500
Scraping ENGL 58900
Scraping ENGL 59000
Scraping ENGL 59600
Scraping ENGL 59900
Scraping ENGL 60600
Scraping ENGL 60900
Scraping ENGL 62000
Scraping ENGL 62100
Scraping ENGL 62200
Scraping ENGL 62700
Scraping ENGL 62800
Scraping ENGL 67300
Scraping ENGL 67800
Scraping ENGL 68000
Scraping ENGL 69000
Scraping ENGL 69600
Scraping ENGL 69800
Scraping ENGL 69900
Scraping ENGR 10301
Scraping ENGR 13000
Scraping ENGR 13100
Scraping ENGR 13200
Scraping ENGR 16200
Scraping ENGR 23099
Scraping ENGR 29199
Scraping ENGR 29299
Scraping ENGR 29600
Scraping ENGR 29701
Scraping ENGR 33099
Scraping ENGR 36199
Scraping ENGR 36299
Scraping ENGR 39399
Scraping ENGR 39499
Scraping ENGR 39599
Scraping ENGR 39600
Scraping ENGR 39697
Scraping ENGR 39699
Scraping ENGR 39700
Scraping ENGR 39799
Scraping ENGR 39899
Scraping ENGR 40600
Scraping ENGR 43099
Scraping ENGR 46399
Scraping ENGR 46499
Scraping ENGR 49400
Scraping ENGR 49700
Scraping ENGR 50000
Scraping ENGR 59600
Scraping ENGR 69199
Scraping ENGR 69299
Scraping ENGR 69399
Scraping ENGR 69499
Scraping ENGR 69699
Scraping ENGT 18000
Scraping ENGT 18100
Scraping ENGT 48000
Scraping ENGT 48100
Scraping ENGT 57100
Scraping ENTM 10500
Scraping ENTM 12800
Scraping ENTM 20600
Scraping ENTM 20700
Scraping ENTM 21000
Scraping ENTM 22820
Scraping ENTM 25300
Scraping ENTM 31100
Scraping ENTM 31200
Scraping ENTM 35300
Scraping ENTM 39300
Scraping ENTM 40100
Scraping ENTM 42890
Scraping ENTM 43100
Scraping ENTM 49310
Scraping ENTM 49390
Scraping ENTM 49700
Scraping ENTM 61100
Scraping ENTM 69100
Scraping ENTM 69200
Scraping ENTM 69800
Scraping ENTM 69900
Scraping ENTR 20000
Scraping ENTR 31000
Scraping ENTR 31500
Scraping ENTR 39000
Scraping ENTR 39699
Scraping ENTR 46000
Scraping ENTR 47000
Scraping ENTR 48000
Scraping ENTR 48100
Scraping ENTR 48200
Scraping ENTR 49000
Scraping ENTR 50100
Scraping ENTR 59000
Scraping EPCS 10100
Scraping EPCS 10200
Scraping EPCS 11100
Scraping EPCS 12100
Scraping EPCS 20100
Scraping EPCS 20200
Scraping EPCS 30100
Scraping EPCS 30200
Scraping EPCS 40100
Scraping EPCS 40200
Scraping EPCS 41100
Scraping EPCS 41200
Scraping EPCS 49000
Scraping FNR 12500
Scraping FNR 20100
Scraping FNR 21000
Scraping FNR 25150
Scraping FNR 25250
Scraping FNR 27000
Scraping FNR 29800
Scraping FNR 30200
Scraping FNR 30500
Scraping FNR 31110
Scraping FNR 34800
Scraping FNR 35300
Scraping FNR 35500
Scraping FNR 37500
Scraping FNR 38400
Scraping FNR 38500
Scraping FNR 40700
Scraping FNR 40910
Scraping FNR 41910
Scraping FNR 43200
Scraping FNR 45200
Scraping FNR 45800
Scraping FNR 49800
Scraping FNR 50600
Scraping FNR 52900
Scraping FNR 53600
Scraping FNR 53601
Scraping FNR 55800
Scraping FNR 56700
Scraping FNR 59800
Scraping FNR 69800
Scraping FNR 69900
Scraping FR 10100
Scraping FR 10200
Scraping FR 11200
Scraping FR 20100
Scraping FR 20200
Scraping FR 21200
Scraping FR 24100
Scraping FR 30100
Scraping FR 30200
Scraping FR 31200
Scraping FR 38000
Scraping FR 42400
Scraping FR 44300
Scraping FR 58100
Scraping FR 59000
Scraping FR 59400
Scraping FR 59600
Scraping FR 67900
Scraping FR 69800
Scraping FR 69900
Scraping FS 16200
Scraping FS 16300
Scraping FS 24500
Scraping FS 27500
Scraping FS 29100
Scraping FS 34000
Scraping FS 43500
Scraping FS 44300
Scraping FS 45300
Scraping FS 45400
Scraping FS 46700
Scraping FS 46900
Scraping FS 47000
Scraping FS 47500
Scraping FS 49100
Scraping FS 49900
Scraping FS 53500
Scraping FS 54100
Scraping FS 55501
Scraping FS 56400
Scraping FS 56500
Scraping FS 59000
Scraping FS 59100
Scraping FS 68400
Scraping FS 69000
Scraping FS 69700
Scraping FS 69800
Scraping FS 69900
Scraping FVS 26100
Scraping FVS 29000
Scraping FVS 33202
Scraping FVS 33400
Scraping FVS 33600
Scraping FVS 33700
Scraping FVS 44200
Scraping FVS 45000
Scraping FVS 49100
Scraping FVS 49900
Scraping GEP 10000
Scraping GEP 20000
Scraping GEP 30000
Scraping GEP 40000
Scraping GER 10100
Scraping GER 10200
Scraping GER 11200
Scraping GER 20100
Scraping GER 20200
Scraping GER 21200
Scraping GER 24100
Scraping GER 30100
Scraping GER 30200
Scraping GER 31200
Scraping GER 32300
Scraping GER 33000
Scraping GER 40200
Scraping GER 52400
Scraping GER 56300
Scraping GER 59000
Scraping GER 59600
Scraping GER 67900
Scraping GER 69800
Scraping GER 69900
Scraping GRAD 59000
Scraping GRAD 60100
Scraping GRAD 61100
Scraping GRAD 61200
Scraping GRAD 68900
Scraping GRAD 69300
Scraping GRAD 69900
Scraping GREK 10200
Scraping GREK 20200
Scraping GREK 49000
Scraping GS 12001
Scraping GS 19501
Scraping GS 21000
Scraping GS 29001
Scraping GS 29501
Scraping GS 39501
Scraping GS 40400
Scraping GS 49000
Scraping GS 49501
Scraping GSLA 30100
Scraping GSLA 48001
Scraping HDFS 10000
Scraping HDFS 20100
Scraping HDFS 21000
Scraping HDFS 28000
Scraping HDFS 31000
Scraping HDFS 31100
Scraping HDFS 31300
Scraping HDFS 31400
Scraping HDFS 32500
Scraping HDFS 33000
Scraping HDFS 33100
Scraping HDFS 33200
Scraping HDFS 34100
Scraping HDFS 34300
Scraping HDFS 34600
Scraping HDFS 39000
Scraping HDFS 40600
Scraping HDFS 40900
Scraping HDFS 41200
Scraping HDFS 41500
Scraping HDFS 43030
Scraping HDFS 45000
Scraping HDFS 45400
Scraping HDFS 45500
Scraping HDFS 45800
Scraping HDFS 49101
Scraping HDFS 49102
Scraping HDFS 59000
Scraping HDFS 60200
Scraping HDFS 62900
Scraping HDFS 69000
Scraping HDFS 69700
Scraping HDFS 69800
Scraping HDFS 69900
Scraping HEBR 10200
Scraping HEBR 20200
Scraping HHS 30000
Scraping HIST 10300
Scraping HIST 10400
Scraping HIST 10500
Scraping HIST 15100
Scraping HIST 15200
Scraping HIST 22100
Scraping HIST 23800
Scraping HIST 24100
Scraping HIST 24300
Scraping HIST 27200
Scraping HIST 27800
Scraping HIST 30200
Scraping HIST 30505
Scraping HIST 31005
Scraping HIST 31905
Scraping HIST 33505
Scraping HIST 34505
Scraping HIST 35100
Scraping HIST 37500
Scraping HIST 38300
Scraping HIST 38700
Scraping HIST 39500
Scraping HIST 40000
Scraping HIST 42200
Scraping HIST 42300
Scraping HIST 48800
Scraping HIST 49500
Scraping HIST 49900
Scraping HIST 59000
Scraping HIST 60100
Scraping HIST 64100
Scraping HIST 65100
Scraping HIST 69800
Scraping HIST 69900
Scraping HK 10000
Scraping HK 13500
Scraping HK 22200
Scraping HK 25300
Scraping HK 25800
Scraping HK 26300
Scraping HK 26900
Scraping HK 28500
Scraping HK 28600
Scraping HK 30100
Scraping HK 30200
Scraping HK 30400
Scraping HK 30700
Scraping HK 30800
Scraping HK 31800
Scraping HK 32200
Scraping HK 33100
Scraping HK 36800
Scraping HK 37200
Scraping HK 40100
Scraping HK 40900
Scraping HK 41100
Scraping HK 42100
Scraping HK 42200
Scraping HK 42400
Scraping HK 45300
Scraping HK 45800
Scraping HK 46500
Scraping HK 46800
Scraping HK 46900
Scraping HK 47200
Scraping HK 49000
Scraping HK 49200
Scraping HK 49201
Scraping HK 49600
Scraping HK 49800
Scraping HK 59000
Scraping HK 60000
Scraping HK 66800
Scraping HK 67000
Scraping HK 69000
Scraping HK 69800
Scraping HK 69900
Scraping HONR 19902
Scraping HONR 19903
Scraping HONR 29500
Scraping HONR 29900
Scraping HONR 39500
Scraping HONR 39900
Scraping HONR 49500
Scraping HONR 49900
Scraping HORT 10100
Scraping HORT 11000
Scraping HORT 20100
Scraping HORT 21000
Scraping HORT 21100
Scraping HORT 21200
Scraping HORT 27000
Scraping HORT 30100
Scraping HORT 31900
Scraping HORT 39000
Scraping HORT 40300
Scraping HORT 42700
Scraping HORT 49100
Scraping HORT 49900
Scraping HORT 51300
Scraping HORT 53000
Scraping HORT 54100
Scraping HORT 59000
Scraping HORT 60200
Scraping HORT 60300
Scraping HORT 69500
Scraping HORT 69800
Scraping HORT 69900
Scraping HSCI 13000
Scraping HSCI 13100
Scraping HSCI 19000
Scraping HSCI 19501
Scraping HSCI 19601
Scraping HSCI 20100
Scraping HSCI 22500
Scraping HSCI 29000
Scraping HSCI 29501
Scraping HSCI 29601
Scraping HSCI 31000
Scraping HSCI 33300
Scraping HSCI 34600
Scraping HSCI 39000
Scraping HSCI 39501
Scraping HSCI 39601
Scraping HSCI 41500
Scraping HSCI 45200
Scraping HSCI 45300
Scraping HSCI 45400
Scraping HSCI 45500
Scraping HSCI 45700
Scraping HSCI 45800
Scraping HSCI 46000
Scraping HSCI 46500
Scraping HSCI 48500
Scraping HSCI 49000
Scraping HSCI 49200
Scraping HSCI 49501
Scraping HSCI 49601
Scraping HSCI 51400
Scraping HSCI 51500
Scraping HSCI 52000
Scraping HSCI 53400
Scraping HSCI 54000
Scraping HSCI 54600
Scraping HSCI 54601
Scraping HSCI 56200
Scraping HSCI 57000
Scraping HSCI 57200
Scraping HSCI 57500
Scraping HSCI 59000
Scraping HSCI 67400
Scraping HSCI 69000
Scraping HSCI 69600
Scraping HSCI 69800
Scraping HSCI 69900
Scraping HSOP 49000
Scraping HSOP 69000
Scraping HSOP 69600
Scraping HTM 14100
Scraping HTM 17300
Scraping HTM 18100
Scraping HTM 19100
Scraping HTM 20200
Scraping HTM 21200
Scraping HTM 23100
Scraping HTM 24100
Scraping HTM 25500
Scraping HTM 26200
Scraping HTM 29101
Scraping HTM 29102
Scraping HTM 29700
Scraping HTM 30000
Scraping HTM 30200
Scraping HTM 31100
Scraping HTM 31200
Scraping HTM 31700
Scraping HTM 32200
Scraping HTM 33100
Scraping HTM 34100
Scraping HTM 36200
Scraping HTM 37000
Scraping HTM 37200
Scraping HTM 38110
Scraping HTM 39000
Scraping HTM 39001
Scraping HTM 39700
Scraping HTM 39900
Scraping HTM 41100
Scraping HTM 46200
Scraping HTM 49111
Scraping HTM 49112
Scraping HTM 49201
Scraping HTM 49700
Scraping HTM 49901
Scraping HTM 53100
Scraping HTM 54100
Scraping HTM 59000
Scraping HTM 59100
Scraping HTM 60200
Scraping HTM 63100
Scraping HTM 64200
Scraping HTM 68100
Scraping HTM 69000
Scraping HTM 69800
Scraping HTM 69900
Scraping IDE 29199
Scraping IDE 29299
Scraping IDE 30100
Scraping IDE 36000
Scraping IDE 38199
Scraping IDE 38299
Scraping IDE 38399
Scraping IDE 39399
Scraping IDE 39499
Scraping IDE 39599
Scraping IDE 39699
Scraping IDE 48500
Scraping IDE 49500
Scraping IDIS 49000
Scraping IDIS 49100
Scraping IDIS 59000
Scraping IE 20000
Scraping IE 23000
Scraping IE 29199
Scraping IE 29299
Scraping IE 33000
Scraping IE 33200
Scraping IE 33500
Scraping IE 33600
Scraping IE 34300
Scraping IE 37000
Scraping IE 38199
Scraping IE 38299
Scraping IE 38300
Scraping IE 38399
Scraping IE 38600
Scraping IE 39399
Scraping IE 39499
Scraping IE 39599
Scraping IE 39699
Scraping IE 43100
Scraping IE 47000
Scraping IE 47400
Scraping IE 48100
Scraping IE 48400
Scraping IE 48600
Scraping IE 49000
Scraping IE 53000
Scraping IE 53300
Scraping IE 53600
Scraping IE 53700
Scraping IE 53800
Scraping IE 54600
Scraping IE 55600
Scraping IE 55800
Scraping IE 57400
Scraping IE 57700
Scraping IE 58800
Scraping IE 59000
Scraping IE 63300
Scraping IE 69000
Scraping IE 69600
Scraping IE 69700
Scraping IE 69800
Scraping IE 69900
Scraping IET 21400
Scraping IET 31300
Scraping IET 31600
Scraping IET 33100
Scraping IET 33400
Scraping IET 33520
Scraping IET 34200
Scraping IET 34300
Scraping IET 34350
Scraping IET 43540
Scraping IET 43630
Scraping IET 43640
Scraping IET 44500
Scraping IET 69800
Scraping ILS 10300
Scraping ILS 18000
Scraping ILS 23000
Scraping ILS 28000
Scraping ILS 29500
Scraping ILS 38000
Scraping ILS 48000
Scraping ILS 49000
Scraping ILS 49500
Scraping ILS 59000
Scraping ILS 69500
Scraping IPPH 45100
Scraping IPPH 58300
Scraping IPPH 58700
Scraping IPPH 59000
Scraping IPPH 68000
Scraping IPPH 69000
Scraping IPPH 69600
Scraping IPPH 69900
Scraping ITAL 10100
Scraping ITAL 10200
Scraping ITAL 11200
Scraping ITAL 20100
Scraping ITAL 20200
Scraping ITAL 20500
Scraping ITAL 21200
Scraping ITAL 30100
Scraping ITAL 30200
Scraping ITAL 31200
Scraping ITAL 33300
Scraping ITAL 59000
Scraping JPNS 10100
Scraping JPNS 10200
Scraping JPNS 20100
Scraping JPNS 20200
Scraping JPNS 24100
Scraping JPNS 28000
Scraping JPNS 30200
Scraping JPNS 36300
Scraping JPNS 40200
Scraping JPNS 48500
Scraping JPNS 49000
Scraping JPNS 59400
Scraping JPNS 59600
Scraping JPNS 67900
Scraping JPNS 69800
Scraping JWST 33000
Scraping JWST 59000
Scraping KOR 10100
Scraping KOR 10200
Scraping KOR 20200
Scraping KOR 30200
Scraping KOR 38000
Scraping KOR 48000
Scraping LA 16600
Scraping LA 21600
Scraping LA 22600
Scraping LA 22700
Scraping LA 32600
Scraping LA 34600
Scraping LA 35600
Scraping LA 39000
Scraping LA 42600
Scraping LA 48200
Scraping LA 49000
Scraping LA 49900
Scraping LA 58200
Scraping LALS 25000
Scraping LALS 40100
Scraping LATN 10200
Scraping LATN 20200
Scraping LATN 44600
Scraping LATN 49000
Scraping LC 10200
Scraping LC 23000
Scraping LC 23500
Scraping LC 26100
Scraping LC 33300
Scraping LC 37100
Scraping LC 49000
Scraping LC 49900
Scraping LC 56300
Scraping LC 56500
Scraping LC 59000
Scraping LC 59600
Scraping LC 67900
Scraping LC 69800
Scraping LC 69900
Scraping LING 20100
Scraping LING 31100
Scraping LING 31500
Scraping LING 32100
Scraping LING 39800
Scraping LING 49900
Scraping LING 52200
Scraping LING 53200
Scraping LING 54100
Scraping LING 59000
Scraping LING 59800
Scraping LING 68900
Scraping LING 69000
Scraping LING 69800
Scraping LING 69900
Scraping MA 13700
Scraping MA 13800
Scraping MA 13900
Scraping MA 15300
Scraping MA 15555
Scraping MA 15800
Scraping MA 16010
Scraping MA 16020
Scraping MA 16100
Scraping MA 16200
Scraping MA 16600
Scraping MA 19000
Scraping MA 25000
Scraping MA 26100
Scraping MA 26200
Scraping MA 26500
Scraping MA 26600
Scraping MA 30100
Scraping MA 30300
Scraping MA 34100
Scraping MA 35100
Scraping MA 35301
Scraping MA 36200
Scraping MA 36600
Scraping MA 37300
Scraping MA 37500
Scraping MA 38600
Scraping MA 41600
Scraping MA 42800
Scraping MA 44200
Scraping MA 45300
Scraping MA 45401
Scraping MA 47201
Scraping MA 49000
Scraping MA 50400
Scraping MA 51000
Scraping MA 51100
Scraping MA 51400
Scraping MA 51900
Scraping MA 52000
Scraping MA 52700
Scraping MA 52800
Scraping MA 53000
Scraping MA 53200
Scraping MA 53800
Scraping MA 54400
Scraping MA 54600
Scraping MA 55300
Scraping MA 55400
Scraping MA 57200
Scraping MA 57500
Scraping MA 59800
Scraping MA 61500
Scraping MA 69000
Scraping MA 69900
Scraping MCMP 20400
Scraping MCMP 20800
Scraping MCMP 42200
Scraping MCMP 49000
Scraping MCMP 54400
Scraping MCMP 59800
Scraping MCMP 69000
Scraping MCMP 69600
Scraping MCMP 69800
Scraping MCMP 69900
Scraping ME 19800
Scraping ME 19900
Scraping ME 20000
Scraping ME 26300
Scraping ME 27000
Scraping ME 27400
Scraping ME 29000
Scraping ME 29199
Scraping ME 29299
Scraping ME 29700
Scraping ME 30000
Scraping ME 30800
Scraping ME 30801
Scraping ME 31500
Scraping ME 32300
Scraping ME 35400
Scraping ME 35401
Scraping ME 36300
Scraping ME 36500
Scraping ME 37500
Scraping ME 39399
Scraping ME 39499
Scraping ME 39599
Scraping ME 39699
Scraping ME 41300
Scraping ME 43000
Scraping ME 44000
Scraping ME 44400
Scraping ME 45200
Scraping ME 46300
Scraping ME 47500
Scraping ME 48900
Scraping ME 49200
Scraping ME 49601
Scraping ME 49800
Scraping ME 49900
Scraping ME 50000
Scraping ME 50500
Scraping ME 50600
Scraping ME 51000
Scraping ME 52500
Scraping ME 52900
Scraping ME 53500
Scraping ME 55300
Scraping ME 55400
Scraping ME 55900
Scraping ME 56200
Scraping ME 57800
Scraping ME 57900
Scraping ME 58800
Scraping ME 59700
Scraping ME 60500
Scraping ME 60800
Scraping ME 61000
Scraping ME 61300
Scraping ME 65000
Scraping ME 67500
Scraping ME 69600
Scraping ME 69700
Scraping ME 69800
Scraping ME 69900
Scraping MET 10200
Scraping MET 11100
Scraping MET 14300
Scraping MET 14400
Scraping MET 21100
Scraping MET 21102
Scraping MET 21300
Scraping MET 22000
Scraping MET 22010
Scraping MET 23000
Scraping MET 24500
Scraping MET 28400
Scraping MET 31300
Scraping MET 31400
Scraping MET 31500
Scraping MET 31601
Scraping MET 31700
Scraping MET 31800
Scraping MET 32000
Scraping MET 33400
Scraping MET 34600
Scraping MET 38200
Scraping MET 39200
Scraping MET 41100
Scraping MET 42200
Scraping MET 42600
Scraping MET 43200
Scraping MET 44500
Scraping MET 45100
Scraping MET 45200
Scraping MET 49900
Scraping MET 50300
Scraping MET 52700
Scraping MET 53000
Scraping MET 58100
Scraping MET 59000
Scraping MET 59800
Scraping MET 69800
Scraping MFET 24800
Scraping MFET 29900
Scraping MFET 37400
Scraping MFET 49900
Scraping MFET 64200
Scraping MGMT 19700
Scraping MGMT 20000
Scraping MGMT 20100
Scraping MGMT 21200
Scraping MGMT 22000
Scraping MGMT 24200
Scraping MGMT 25400
Scraping MGMT 26100
Scraping MGMT 28800
Scraping MGMT 29000
Scraping MGMT 29050
Scraping MGMT 29450
Scraping MGMT 29500
Scraping MGMT 30400
Scraping MGMT 30500
Scraping MGMT 30600
Scraping MGMT 31000
Scraping MGMT 32300
Scraping MGMT 32400
Scraping MGMT 33100
Scraping MGMT 35000
Scraping MGMT 35100
Scraping MGMT 35200
Scraping MGMT 35300
Scraping MGMT 35500
Scraping MGMT 36100
Scraping MGMT 38199
Scraping MGMT 38200
Scraping MGMT 38299
Scraping MGMT 38399
Scraping MGMT 39000
Scraping MGMT 39010
Scraping MGMT 39020
Scraping MGMT 39030
Scraping MGMT 39040
Scraping MGMT 40100
Scraping MGMT 40500
Scraping MGMT 41100
Scraping MGMT 41150
Scraping MGMT 41250
Scraping MGMT 41300
Scraping MGMT 41310
Scraping MGMT 41350
Scraping MGMT 41500
Scraping MGMT 42000
Scraping MGMT 42110
Scraping MGMT 42210
Scraping MGMT 42300
Scraping MGMT 42500
Scraping MGMT 42710
Scraping MGMT 42910
Scraping MGMT 43700
Scraping MGMT 43800
Scraping MGMT 44301
Scraping MGMT 44428
Scraping MGMT 44429
Scraping MGMT 44431
Scraping MGMT 44433
Scraping MGMT 44690
Scraping MGMT 44710
Scraping MGMT 45200
Scraping MGMT 45500
Scraping MGMT 45600
Scraping MGMT 45900
Scraping MGMT 46300
Scraping MGMT 46400
Scraping MGMT 46501
Scraping MGMT 46600
Scraping MGMT 47200
Scraping MGMT 47300
Scraping MGMT 47400
Scraping MGMT 47900
Scraping MGMT 48400
Scraping MGMT 49000
Scraping MGMT 50300
Scraping MGMT 50400
Scraping MGMT 50500
Scraping MGMT 50600
Scraping MGMT 51100
Scraping MGMT 51300
Scraping MGMT 52300
Scraping MGMT 52610
Scraping MGMT 52710
Scraping MGMT 52900
Scraping MGMT 53200
Scraping MGMT 53600
Scraping MGMT 53700
Scraping MGMT 53900
Scraping MGMT 54400
Scraping MGMT 54500
Scraping MGMT 55400
Scraping MGMT 55500
Scraping MGMT 56400
Scraping MGMT 56800
Scraping MGMT 56900
Scraping MGMT 57000
Scraping MGMT 57300
Scraping MGMT 59000
Scraping MGMT 59100
Scraping MGMT 61100
Scraping MGMT 61500
Scraping MGMT 61901
Scraping MGMT 61902
Scraping MGMT 62300
Scraping MGMT 62600
Scraping MGMT 63350
Scraping MGMT 63410
Scraping MGMT 63800
Scraping MGMT 64000
Scraping MGMT 64300
Scraping MGMT 64400
Scraping MGMT 64700
Scraping MGMT 65000
Scraping MGMT 65370
Scraping MGMT 65380
Scraping MGMT 65430
Scraping MGMT 65500
Scraping MGMT 65700
Scraping MGMT 66000
Scraping MGMT 66400
Scraping MGMT 67200
Scraping MGMT 68800
Scraping MGMT 69000
Scraping MGMT 69100
Scraping MGMT 69900
Scraping MSE 23000
Scraping MSE 23500
Scraping MSE 25000
Scraping MSE 26000
Scraping MSE 27000
Scraping MSE 29199
Scraping MSE 29299
Scraping MSE 33000
Scraping MSE 33500
Scraping MSE 34000
Scraping MSE 36700
Scraping MSE 38199
Scraping MSE 38200
Scraping MSE 38299
Scraping MSE 38399
Scraping MSE 39000
Scraping MSE 39399
Scraping MSE 39499
Scraping MSE 39599
Scraping MSE 39699
Scraping MSE 43000
Scraping MSE 44000
Scraping MSE 49900
Scraping MSE 50200
Scraping MSE 51000
Scraping MSE 52500
Scraping MSE 52700
Scraping MSE 53000
Scraping MSE 55500
Scraping MSE 56700
Scraping MSE 57600
Scraping MSE 59700
Scraping MSE 69000
Scraping MSE 69600
Scraping MSE 69700
Scraping MSE 69800
Scraping MSE 69900
Scraping MSL 10200
Scraping MSL 20200
Scraping MSL 30200
Scraping MSL 40200
Scraping MSL 49000
Scraping MUS 16100
Scraping MUS 16200
Scraping MUS 25000
Scraping MUS 26100
Unable to scrape MUS 26100 TypeError: Cannot read property 'Text' of undefined
    at scrapeCourse (file:///home/marcus_orciuch/projects/BoilerPlan/src/boilerplan-scrapers/2.get-all-course-details.js:73:70)
    at runMicrotasks (<anonymous>)
    at processTicksAndRejections (internal/process/task_queues.js:95:5)
    at async file:///home/marcus_orciuch/projects/BoilerPlan/src/boilerplan-scrapers/2.get-all-course-details.js:107:27
Scraping MUS 27000
Scraping MUS 32400
Scraping MUS 36100
Scraping MUS 36200
Scraping MUS 37600
Scraping MUS 37800
Scraping MUS 49000
Scraping NRES 12500
Scraping NRES 20000
Scraping NRES 23000
Scraping NRES 25500
Scraping NRES 27000
Scraping NRES 33700
Scraping NRES 33800
Scraping NRES 38010
Scraping NRES 48000
Scraping NRES 49700
Scraping NRES 49800
Scraping NS 20200
Scraping NS 21200
Scraping NS 21300
Scraping NS 31000
Scraping NS 33000
Scraping NS 41300
Scraping NUCL 12000
Scraping NUCL 20000
Scraping NUCL 20500
Scraping NUCL 27300
Scraping NUCL 29199
Scraping NUCL 29299
Scraping NUCL 29800
Scraping NUCL 31000
Scraping NUCL 32500
Scraping NUCL 35100
Scraping NUCL 35500
Scraping NUCL 38199
Scraping NUCL 38299
Scraping NUCL 38399
Scraping NUCL 39399
Scraping NUCL 39499
Scraping NUCL 39599
Scraping NUCL 39699
Scraping NUCL 39800
Scraping NUCL 45000
Scraping NUCL 46000
Scraping NUCL 49700
Scraping NUCL 49800
Scraping NUCL 50200
Scraping NUCL 50400
Scraping NUCL 51000
Scraping NUCL 52000
Scraping NUCL 55200
Scraping NUCL 57000
Scraping NUCL 59700
Scraping NUCL 61000
Scraping NUCL 65500
Scraping NUCL 69600
Scraping NUCL 69700
Scraping NUCL 69800
Scraping NUCL 69900
Scraping NUPH 49000
Scraping NUPH 49100
Scraping NUPH 49300
Scraping NUPH 49400
Scraping NUPH 49600
Scraping NUPH 69000
Scraping NUR 10900
Scraping NUR 22001
Scraping NUR 22101
Scraping NUR 22201
Scraping NUR 22301
Scraping NUR 31401
Scraping NUR 31501
Scraping NUR 31601
Scraping NUR 31701
Scraping NUR 31801
Scraping NUR 31901
Scraping NUR 38199
Scraping NUR 38299
Scraping NUR 38399
Scraping NUR 39699
Scraping NUR 39900
Scraping NUR 41001
Scraping NUR 41401
Scraping NUR 41501
Scraping NUR 41701
Scraping NUR 42001
Scraping NUR 50200
Scraping NUR 50300
Scraping NUR 50500
Scraping NUR 51000
Scraping NUR 51200
Scraping NUR 51400
Scraping NUR 51601
Scraping NUR 52200
Scraping NUR 52500
Scraping NUR 54200
Scraping NUR 54300
Scraping NUR 55200
Scraping NUR 55300
Scraping NUR 57600
Scraping NUR 57700
Scraping NUR 59800
Scraping NUR 59900
Scraping NUR 61100
Scraping NUR 61500
Scraping NUR 63100
Scraping NUR 64000
Scraping NUR 67300
Scraping NUR 68000
Scraping NUR 68100
Scraping NUR 68300
Scraping NUR 68500
Scraping NUR 68700
Scraping NUR 68900
Scraping NUR 69020
Scraping NUR 69040
Scraping NUR 69050
Scraping NUR 69100
Scraping NUR 69900
Scraping NUR 90400
Scraping NUTR 10600
Scraping NUTR 12500
Scraping NUTR 20500
Scraping NUTR 24500
Scraping NUTR 30300
Scraping NUTR 31500
Scraping NUTR 33000
Scraping NUTR 33200
Scraping NUTR 34000
Scraping NUTR 34500
Scraping NUTR 35000
Scraping NUTR 36500
Scraping NUTR 39000
Scraping NUTR 39700
Scraping NUTR 42400
Scraping NUTR 43000
Scraping NUTR 43600
Scraping NUTR 43700
Scraping NUTR 44200
Scraping NUTR 46100
Scraping NUTR 46500
Scraping NUTR 48100
Scraping NUTR 48800
Scraping NUTR 49000
Scraping NUTR 49100
Scraping NUTR 49600
Scraping NUTR 49700
Scraping NUTR 59000
Scraping NUTR 60600
Scraping NUTR 60700
Scraping NUTR 62600
Scraping NUTR 69000
Scraping NUTR 69400
Scraping NUTR 69500
Scraping NUTR 69800
Scraping NUTR 69900
Scraping OBHR 33000
Scraping OBHR 68300
Scraping OBHR 69000
Scraping OBHR 69900
Scraping OLS 37800
Scraping OLS 38600
Scraping OLS 45000
Scraping OLS 45400
Scraping OLS 48400
Scraping OLS 48700
Scraping OLS 49900
Scraping OLS 58300
Scraping OLS 59000
Scraping OLS 69800
Scraping PES 11100
Scraping PES 11400
Scraping PES 11500
Scraping PES 11600
Scraping PES 14600
Scraping PHIL 11000
Scraping PHIL 11100
Scraping PHIL 11400
Scraping PHIL 11500
Scraping PHIL 15000
Scraping PHIL 20700
Scraping PHIL 23000
Scraping PHIL 23100
Scraping PHIL 24000
Scraping PHIL 27000
Scraping PHIL 29000
Scraping PHIL 30100
Scraping PHIL 30300
Scraping PHIL 32200
Scraping PHIL 41000
Scraping PHIL 41500
Scraping PHIL 42400
Scraping PHIL 43500
Scraping PHIL 50300
Scraping PHIL 55300
Scraping PHIL 56200
Scraping PHIL 57200
Scraping PHIL 58000
Scraping PHIL 59000
Scraping PHIL 60100
Scraping PHIL 69800
Scraping PHIL 69900
Scraping PHPR 42700
Scraping PHPR 48900
Scraping PHPR 49000
Scraping PHPR 59000
Scraping PHPR 59800
Scraping PHPR 69800
Scraping PHPR 69900
Scraping PHRM 20100
Scraping PHRM 31600
Scraping PHRM 42500
Scraping PHRM 43900
Scraping PHRM 44200
Scraping PHRM 46100
Scraping PHRM 46400
Scraping PHRM 48500
Scraping PHRM 49000
Scraping PHRM 49500
Scraping PHRM 82100
Scraping PHRM 82200
Scraping PHRM 82500
Scraping PHRM 82900
Scraping PHRM 83100
Scraping PHRM 83500
Scraping PHRM 83900
Scraping PHRM 84100
Scraping PHRM 84200
Scraping PHRM 84500
Scraping PHRM 84700
Scraping PHRM 84900
Scraping PHRM 85500
Scraping PHRM 86100
Scraping PHRM 86200
Scraping PHRM 86500
Scraping PHRM 86700
Scraping PHRM 86900
Scraping PHRM 87100
Scraping PHRM 87400
Scraping PHRM 88000
Scraping PHYS 17200
Scraping PHYS 18300
Unable to scrape PHYS 18300 TypeError: Cannot read property 'Text' of undefined
    at scrapeCourse (file:///home/marcus_orciuch/projects/BoilerPlan/src/boilerplan-scrapers/2.get-all-course-details.js:73:70)
    at runMicrotasks (<anonymous>)
    at processTicksAndRejections (internal/process/task_queues.js:95:5)
    at async file:///home/marcus_orciuch/projects/BoilerPlan/src/boilerplan-scrapers/2.get-all-course-details.js:107:27
Scraping PHYS 18400
Unable to scrape PHYS 18400 TypeError: Cannot read property 'Text' of undefined
    at scrapeCourse (file:///home/marcus_orciuch/projects/BoilerPlan/src/boilerplan-scrapers/2.get-all-course-details.js:73:70)
    at runMicrotasks (<anonymous>)
    at processTicksAndRejections (internal/process/task_queues.js:95:5)
    at async file:///home/marcus_orciuch/projects/BoilerPlan/src/boilerplan-scrapers/2.get-all-course-details.js:107:27
Scraping PHYS 21400
Scraping PHYS 22000
Scraping PHYS 22100
Scraping PHYS 23000
Scraping PHYS 23300
Scraping PHYS 23400
Scraping PHYS 23500
Scraping PHYS 24100
Scraping PHYS 25200
Scraping PHYS 27200
Scraping PHYS 29500
Scraping PHYS 30700
Scraping PHYS 32400
Scraping PHYS 34000
Scraping PHYS 34200
Scraping PHYS 36000
Scraping PHYS 41100
Scraping PHYS 42200
Scraping PHYS 43000
Scraping PHYS 45000
Scraping PHYS 46100
Scraping PHYS 49000
Scraping PHYS 51500
Scraping PHYS 52600
Scraping PHYS 53600
Scraping PHYS 54500
Scraping PHYS 56000
Scraping PHYS 56200
Scraping PHYS 56300
Scraping PHYS 57000
Scraping PHYS 58000
Scraping PHYS 59000
Scraping PHYS 59300
Scraping PHYS 59500
Scraping PHYS 60100
Scraping PHYS 61700
Scraping PHYS 63000
Scraping PHYS 63100
Scraping PHYS 66000
Scraping PHYS 66100
Scraping PHYS 66300
Scraping PHYS 69600
Scraping PHYS 69800
Scraping PHYS 69900
Scraping POL 10100
Scraping POL 12000
Scraping POL 13000
Scraping POL 14100
Scraping POL 15000
Scraping POL 22200
Scraping POL 22300
Scraping POL 22800
Scraping POL 22900
Scraping POL 23100
Scraping POL 23500
Scraping POL 23700
Scraping POL 30000
Scraping POL 32600
Scraping POL 32700
Scraping POL 36000
Scraping POL 37200
Scraping POL 40300
Scraping POL 41500
Scraping POL 42300
Scraping POL 42800
Scraping POL 42900
Scraping POL 43000
Scraping POL 43801
Scraping POL 46100
Scraping POL 46200
Scraping POL 49100
Scraping POL 49300
Scraping POL 49500
Scraping POL 59000
Scraping POL 60500
Scraping POL 60600
Scraping POL 60900
Scraping POL 61100
Scraping POL 62200
Scraping POL 63100
Scraping POL 64000
Scraping POL 68500
Scraping POL 68600
Scraping POL 69300
Scraping POL 69900
Scraping PSY 12000
Scraping PSY 20000
Scraping PSY 20100
Scraping PSY 20300
Scraping PSY 22200
Scraping PSY 23099
Scraping PSY 23500
Scraping PSY 24000
Scraping PSY 24400
Scraping PSY 27200
Scraping PSY 31100
Scraping PSY 32400
Scraping PSY 33500
Scraping PSY 33600
Scraping PSY 34200
Scraping PSY 35000
Scraping PSY 35200
Scraping PSY 35400
Scraping PSY 37600
Scraping PSY 38000
Scraping PSY 38199
Unable to scrape PSY 38199 TypeError: Cannot read property 'Text' of undefined
    at scrapeCourse (file:///home/marcus_orciuch/projects/BoilerPlan/src/boilerplan-scrapers/2.get-all-course-details.js:73:70)
    at runMicrotasks (<anonymous>)
    at processTicksAndRejections (internal/process/task_queues.js:95:5)
    at async file:///home/marcus_orciuch/projects/BoilerPlan/src/boilerplan-scrapers/2.get-all-course-details.js:107:27
Scraping PSY 38299
Unable to scrape PSY 38299 TypeError: Cannot read property 'Text' of undefined
    at scrapeCourse (file:///home/marcus_orciuch/projects/BoilerPlan/src/boilerplan-scrapers/2.get-all-course-details.js:73:70)
    at runMicrotasks (<anonymous>)
    at processTicksAndRejections (internal/process/task_queues.js:95:5)
    at async file:///home/marcus_orciuch/projects/BoilerPlan/src/boilerplan-scrapers/2.get-all-course-details.js:107:27
Scraping PSY 38399
Unable to scrape PSY 38399 TypeError: Cannot read property 'Text' of undefined
    at scrapeCourse (file:///home/marcus_orciuch/projects/BoilerPlan/src/boilerplan-scrapers/2.get-all-course-details.js:73:70)
    at runMicrotasks (<anonymous>)
    at processTicksAndRejections (internal/process/task_queues.js:95:5)
    at async file:///home/marcus_orciuch/projects/BoilerPlan/src/boilerplan-scrapers/2.get-all-course-details.js:107:27
Scraping PSY 39000
Scraping PSY 39100
Scraping PSY 39200
Scraping PSY 39800
Scraping PSY 40300
Scraping PSY 40400
Scraping PSY 42100
Scraping PSY 42600
Scraping PSY 42900
Scraping PSY 43800
Scraping PSY 47300
Scraping PSY 49200
Scraping PSY 49800
Scraping PSY 50600
Scraping PSY 50700
Scraping PSY 51200
Scraping PSY 55600
Scraping PSY 57700
Scraping PSY 62101
Scraping PSY 62400
Scraping PSY 63100
Scraping PSY 63300
Scraping PSY 64200
Scraping PSY 66700
Scraping PSY 67000
Scraping PSY 67900
Scraping PSY 68100
Scraping PSY 68300
Scraping PSY 68800
Scraping PSY 69000
Scraping PSY 69100
Scraping PSY 69200
Scraping PSY 69600
Scraping PSY 69700
Scraping PSY 69800
Scraping PSY 69900
Scraping PTGS 10200
Scraping PTGS 55100
Scraping PTGS 59000
Scraping PUBH 10000
Scraping PUBH 20500
Scraping PUBH 29500
Scraping PUBH 30500
Scraping PUBH 32000
Scraping PUBH 32500
Scraping PUBH 40000
Scraping PUBH 40500
Scraping PUBH 48000
Scraping PUBH 49000
Scraping PUBH 49200
Scraping PUBH 50000
Scraping PUBH 59000
Scraping PUBH 60000
Scraping PUBH 60400
Scraping PUBH 60600
Scraping PUBH 60700
Scraping PUBH 60800
Scraping PUBH 69400
Scraping PUBH 69500
Scraping PUBH 69900
Scraping REG 91000
Scraping REG 91100
Scraping REG 91200
Scraping REG 91300
Scraping REG 91400
Scraping REG 93000
Scraping REG 93100
Scraping REG 93200
Scraping REG 93300
Scraping REG 93301
Scraping REG 93400
Scraping REG 93401
Scraping REG 93500
Scraping REG 93600
Scraping REG 93700
Scraping REG 93800
Scraping REG 93900
Scraping REG 94000
Scraping REG 94100
Scraping REG 94200
Scraping REG 94300
Scraping REG 94400
Scraping REG 94401
Scraping REG 94500
Scraping REG 94600
Scraping REL 20000
Scraping REL 23000
Scraping REL 23100
Scraping REL 31800
Scraping REL 45100
Scraping RUSS 10200
Scraping RUSS 11200
Scraping RUSS 20200
Scraping RUSS 21200
Scraping RUSS 30200
Scraping RUSS 38000
Scraping RUSS 49700
Scraping RUSS 56200
Scraping RUSS 59000
Scraping SA 30022
Scraping SCI 49000
Scraping SCLA 10100
Scraping SCLA 10200
Scraping SCLA 30000
Scraping SCLA 49100
Scraping SCLA 59000
Scraping SFS 21000
Scraping SFS 30200
Scraping SFS 31500
Scraping SFS 35100
Scraping SFS 39100
Scraping SLHS 11500
Scraping SLHS 21500
Scraping SLHS 22700
Scraping SLHS 30100
Scraping SLHS 30200
Scraping SLHS 30300
Scraping SLHS 30600
Scraping SLHS 30900
Scraping SLHS 40300
Scraping SLHS 41900
Scraping SLHS 42000
Scraping SLHS 44400
Scraping SLHS 44900
Scraping SLHS 49000
Scraping SLHS 49800
Scraping SLHS 51900
Scraping SLHS 53100
Scraping SLHS 53200
Scraping SLHS 53900
Scraping SLHS 54401
Scraping SLHS 54900
Scraping SLHS 55300
Scraping SLHS 56100
Scraping SLHS 56400
Scraping SLHS 56700
Scraping SLHS 57000
Scraping SLHS 57900
Scraping SLHS 59000
Scraping SLHS 61900
Scraping SLHS 64800
Scraping SLHS 64900
Scraping SLHS 65900
Scraping SLHS 66100
Scraping SLHS 67900
Scraping SLHS 69000
Scraping SLHS 69800
Scraping SLHS 69900
Scraping SOC 10000
Scraping SOC 22000
Scraping SOC 32400
Scraping SOC 32800
Scraping SOC 33400
Scraping SOC 33500
Scraping SOC 33900
Scraping SOC 34000
Scraping SOC 35000
Scraping SOC 35600
Scraping SOC 36700
Scraping SOC 37400
Scraping SOC 38200
Scraping SOC 38300
Scraping SOC 39000
Scraping SOC 39100
Scraping SOC 40200
Scraping SOC 41100
Scraping SOC 41900
Scraping SOC 42300
Scraping SOC 42600
Scraping SOC 42900
Scraping SOC 45000
Scraping SOC 48900
Scraping SOC 59000
Scraping SOC 59100
Scraping SOC 60900
Scraping SOC 66700
Scraping SOC 68100
Scraping SOC 68600
Scraping SOC 69500
Scraping SOC 69900
Scraping SPAN 10100
Scraping SPAN 10200
Scraping SPAN 10500
Scraping SPAN 11200
Scraping SPAN 20100
Scraping SPAN 20200
Scraping SPAN 20500
Scraping SPAN 21200
Scraping SPAN 22400
Scraping SPAN 24100
Scraping SPAN 28000
Scraping SPAN 30100
Scraping SPAN 30200
Scraping SPAN 30801
Scraping SPAN 31200
Scraping SPAN 32100
Scraping SPAN 32200
Scraping SPAN 32500
Scraping SPAN 34200
Scraping SPAN 36200
Scraping SPAN 39800
Scraping SPAN 40100
Scraping SPAN 40200
Scraping SPAN 41900
Scraping SPAN 42400
Scraping SPAN 48100
Scraping SPAN 48200
Scraping SPAN 48500
Scraping SPAN 56100
Scraping SPAN 59000
Scraping SPAN 59600
Scraping SPAN 65900
Scraping SPAN 67900
Scraping SPAN 69800
Scraping SPAN 69900
Scraping STAT 11300
Scraping STAT 19000
Scraping STAT 22500
Scraping STAT 24200
Scraping STAT 25000
Scraping STAT 29000
Scraping STAT 30100
Scraping STAT 30301
Scraping STAT 31100
Scraping STAT 35000
Scraping STAT 35500
Scraping STAT 39000
Scraping STAT 41600
Scraping STAT 41700
Scraping STAT 42000
Scraping STAT 47201
Scraping STAT 47301
Scraping STAT 47500
Scraping STAT 47901
Scraping STAT 49000
Scraping STAT 50100
Scraping STAT 50200
Scraping STAT 50300
Scraping STAT 50600
Scraping STAT 51100
Scraping STAT 51200
Scraping STAT 51300
Scraping STAT 51400
Scraping STAT 51500
Scraping STAT 51600
Scraping STAT 51700
Scraping STAT 51900
Scraping STAT 52000
Scraping STAT 52200
Scraping STAT 52500
Scraping STAT 52600
Scraping STAT 52800
Scraping STAT 53200
Scraping STAT 53800
Scraping STAT 54000
Scraping STAT 54600
Scraping STAT 55300
Scraping STAT 58100
Scraping STAT 58200
Scraping STAT 59700
Scraping STAT 59800
Scraping STAT 69100
Scraping STAT 69200
Scraping STAT 69500
Scraping STAT 69900
Scraping SYS 30000
Scraping SYS 35000
Scraping SYS 40000
Scraping SYS 49000
Scraping SYS 53000
Scraping SYS 59000
Scraping TECH 12000
Scraping TECH 22000
Scraping TECH 29199
Scraping TECH 29299
Scraping TECH 33000
Scraping TECH 34000
Scraping TECH 38199
Scraping TECH 38299
Scraping TECH 38399
Scraping TECH 39399
Scraping TECH 39499
Scraping TECH 39599
Scraping TECH 39699
Scraping TECH 58100
Scraping TECH 62100
Scraping TECH 64600
Scraping TECH 69000
Scraping TECH 69500
Scraping TECH 69900
Scraping THTR 13300
Scraping THTR 16000
Scraping THTR 16100
Scraping THTR 16200
Scraping THTR 16300
Scraping THTR 16400
Scraping THTR 20100
Scraping THTR 21300
Scraping THTR 23300
Scraping THTR 25600
Scraping THTR 26300
Scraping THTR 29000
Scraping THTR 33600
Scraping THTR 36800
Scraping THTR 38100
Scraping THTR 39000
Scraping THTR 49000
Scraping THTR 52600
Scraping THTR 53200
Scraping THTR 53600
Scraping THTR 53800
Scraping THTR 55000
Scraping THTR 55100
Scraping THTR 55300
Scraping THTR 56100
Scraping THTR 56200
Scraping THTR 56300
Scraping THTR 56400
Scraping THTR 56800
Scraping THTR 59000
Scraping THTR 59700
Scraping THTR 63300
Scraping THTR 66900
Scraping THTR 67000
Scraping THTR 69700
Scraping THTR 69800
Scraping TLI 11200
Scraping TLI 15200
Scraping TLI 16100
Scraping TLI 20000
Scraping TLI 21300
Scraping TLI 26500
Scraping TLI 31400
Scraping TLI 35520
Scraping TLI 35530
Scraping TLI 35580
Scraping TLI 36100
Scraping TLI 36700
Scraping TLI 45560
Scraping TLI 45590
Scraping TLI 45800
Scraping TLI 46000
Scraping TLI 49000
Scraping TLI 49800
Scraping VCS 14001
Scraping VCS 14700
Scraping VCS 14801
Scraping VCS 20100
Scraping VCS 22400
Scraping VCS 22500
Scraping VCS 22600
Scraping VCS 23001
Scraping VCS 23300
Scraping VCS 23701
Scraping VCS 23900
Scraping VCS 24000
Scraping VCS 24200
Scraping VCS 24400
Scraping VCS 25200
Scraping VCS 41800
Scraping VCS 60200
Scraping VCS 60500
Scraping VCS 61000
Scraping VCS 62000
Scraping VCS 62100
Scraping VCS 63000
Scraping VCS 69800
Scraping VCS 69900
Scraping VCS 80120
Scraping VCS 80140
Scraping VCS 80220
Scraping VCS 80320
Scraping VCS 80500
Scraping VCS 80616
Scraping VCS 80620
Scraping VCS 80920
Scraping VCS 81210
Scraping VCS 81500
Scraping VCS 81700
Scraping VCS 81802
Scraping VCS 82200
Scraping VCS 82300
Scraping VCS 82501
Scraping VCS 82701
Scraping VCS 83700
Scraping VCS 83903
Scraping VCS 84300
Scraping VCS 84601
Scraping VCS 84701
Scraping VCS 85300
Scraping VCS 86002
Scraping VCS 86203
Scraping VCS 86400
Scraping VCS 89500
Scraping VIP 17920
Scraping VIP 27920
Scraping VIP 37920
Scraping VIP 47920
Scraping VIP 47921
Scraping VIP 47922
Scraping VIP 47930
Scraping VM 10200
Scraping VM 10500
Scraping VM 10800
Scraping VM 20500
Scraping VM 20600
Scraping VM 20700
Scraping VM 20800
Scraping VM 20900
Scraping VM 21000
Scraping VM 21100
Scraping VM 21200
Scraping VM 21300
Scraping VM 21400
Scraping VM 21500
Scraping VM 21600
Scraping VM 21700
Scraping VM 22300
Scraping VM 22400
Scraping VM 22500
Scraping VM 22600
Scraping VM 22700
Scraping VM 22800
Scraping VM 22900
Scraping VM 24400
Scraping VM 24500
Scraping VM 24800
Scraping VM 34210
Scraping VM 34400
Scraping VM 34500
Scraping VM 36500
Scraping VM 40900
Scraping VM 44500
Scraping VM 45000
Scraping VM 45200
Scraping VM 45500
Scraping VM 45700
Scraping VM 49000
Scraping VM 80900
Scraping VM 81001
Scraping VM 82500
Scraping VM 83000
Scraping VM 89000
Scraping VM 89100
Scraping WGSS 28000
Scraping WGSS 28100
Scraping WGSS 28200
Scraping WGSS 39000
Scraping WGSS 48000
Scraping WGSS 48200
Scraping WGSS 48500
Scraping WGSS 49200
Scraping WGSS 68000
Scraping WGSS 68100
The file was saved!
